[2015-03-01 00:37:50] request.INFO: Matched route "suh_get_etudiant" (parameters: "_controller": "SUH\GestionBundle\Controller\AffichageController::AfficherAccueilEtudiantAction", "id": "103", "_route": "suh_get_etudiant") [] []
[2015-03-01 00:37:50] security.DEBUG: Read SecurityContext from the session [] []
[2015-03-01 00:37:50] security.DEBUG: Reloading user from user provider. [] []
[2015-03-01 00:37:50] security.DEBUG: Username "admin" was reloaded from user provider. [] []
[2015-03-01 00:37:50] event.DEBUG: Notified event "kernel.request" to listener "Symfony\Component\HttpKernel\EventListener\DebugHandlersListener::configure". [] []
[2015-03-01 00:37:50] event.DEBUG: Notified event "kernel.request" to listener "Symfony\Bundle\FrameworkBundle\EventListener\SessionListener::onKernelRequest". [] []
[2015-03-01 00:37:50] event.DEBUG: Notified event "kernel.request" to listener "Symfony\Component\HttpKernel\EventListener\FragmentListener::onKernelRequest". [] []
[2015-03-01 00:37:50] event.DEBUG: Notified event "kernel.request" to listener "Symfony\Component\HttpKernel\EventListener\RouterListener::onKernelRequest". [] []
[2015-03-01 00:37:50] event.DEBUG: Notified event "kernel.request" to listener "Symfony\Component\HttpKernel\EventListener\LocaleListener::onKernelRequest". [] []
[2015-03-01 00:37:50] event.DEBUG: Notified event "kernel.request" to listener "Symfony\Component\HttpKernel\EventListener\TranslatorListener::onKernelRequest". [] []
[2015-03-01 00:37:50] event.DEBUG: Notified event "kernel.request" to listener "Symfony\Component\Security\Http\Firewall::onKernelRequest". [] []
[2015-03-01 00:37:50] event.DEBUG: Notified event "kernel.controller" to listener "Sensio\Bundle\FrameworkExtraBundle\EventListener\ControllerListener::onKernelController". [] []
[2015-03-01 00:37:50] event.DEBUG: Notified event "kernel.controller" to listener "Sensio\Bundle\FrameworkExtraBundle\EventListener\ParamConverterListener::onKernelController". [] []
[2015-03-01 00:37:50] event.DEBUG: Notified event "kernel.controller" to listener "Sensio\Bundle\FrameworkExtraBundle\EventListener\HttpCacheListener::onKernelController". [] []
[2015-03-01 00:37:50] event.DEBUG: Notified event "kernel.controller" to listener "Sensio\Bundle\FrameworkExtraBundle\EventListener\SecurityListener::onKernelController". [] []
[2015-03-01 00:37:50] event.DEBUG: Notified event "kernel.controller" to listener "Sensio\Bundle\FrameworkExtraBundle\EventListener\TemplateListener::onKernelController". [] []
[2015-03-01 00:37:50] doctrine.DEBUG: SELECT e0_.id AS id0, e0_.qhandi AS qhandi1, e0_.rqth AS rqth2, e0_.notificationSavs AS notificationSavs3, e0_.amenagementEtude AS amenagementEtude4, e0_.tauxInvalidite AS tauxInvalidite5, e0_.suivi AS suivi6, e0_.dateMaj AS dateMaj7, e0_.descriptifComplementaire AS descriptifComplementaire8, e1_.id AS id9, e1_.nomEtudiant AS nomEtudiant10, e1_.prenomEtudiant AS prenomEtudiant11, e1_.dateNaissance AS dateNaissance12, e1_.mail AS mail13, e1_.adresseEtudiante AS adresseEtudiante14, e1_.adresseFamiliale AS adresseFamiliale15, e1_.telephone AS telephone16, e2_.annee AS annee17, f3_.id AS id18, f3_.diplome AS diplome19, f3_.composante AS composante20, f3_.filiere AS filiere21, f3_.cycle AS cycle22, f3_.etablissement AS etablissement23, m4_.id AS id24, m4_.reconnaissanceMdph AS reconnaissanceMdph25, m4_.departementMdph AS departementMdph26, h5_.id AS id27, h5_.nomHandicap AS nomHandicap28, d6_.dateDebut AS dateDebut29, d6_.dateFin AS dateFin30, a7_.id AS id31, a7_.amenagementExamens AS amenagementExamens32, a7_.tempsMajore AS tempsMajore33, a7_.autresMesures AS autresMesures34, a7_.delocalisationExamen AS delocalisationExamen35, a7_.dateValidite AS dateValidite36, a7_.dureeAvisMedical AS dureeAvisMedical37, e0_.id AS id38, e0_.mdph_id AS mdph_id39, e1_.etudiantSpecialise_id AS etudiantSpecialise_id40, e2_.etudiant_id AS etudiant_id41, e2_.formation_id AS formation_id42, d6_.etudiantHandicape_id AS etudiantHandicape_id43, d6_.aideExamen_id AS aideExamen_id44 FROM EtudiantHandicape e0_ INNER JOIN Etudiant e1_ ON e0_.id = e1_.id INNER JOIN EtudiantFormation e2_ ON e1_.id = e2_.etudiant_id INNER JOIN Formation f3_ ON e2_.formation_id = f3_.id INNER JOIN Mdph m4_ ON e0_.mdph_id = m4_.id INNER JOIN etudianthandicape_handicap e8_ ON e0_.id = e8_.etudianthandicape_id INNER JOIN Handicap h5_ ON h5_.id = e8_.handicap_id INNER JOIN DatesAideExamen d6_ ON e0_.id = d6_.etudiantHandicape_id INNER JOIN AideExamen a7_ ON d6_.aideExamen_id = a7_.id WHERE e0_.id = ? ["103"] []
[2015-03-01 00:37:51] request.CRITICAL: Uncaught PHP Exception Twig_Error_Runtime: "Method "nomEtudiant" for object "SUH\GestionBundle\Entity\EtudiantHandicape" does not exist in "SUHGestionBundle:Default:spoiler.html.twig" at line 2" at C:\wamp\www\suhSymfony\app\cache\prod\classes.php line 5238 {"exception":"[object] (Twig_Error_Runtime(code: 0): Method \"nomEtudiant\" for object \"SUH\\GestionBundle\\Entity\\EtudiantHandicape\" does not exist in \"SUHGestionBundle:Default:spoiler.html.twig\" at line 2 at C:\\wamp\\www\\suhSymfony\\app\\cache\\prod\\classes.php:5238)"} []
[2015-03-01 00:37:51] event.DEBUG: Notified event "kernel.request" to listener "Symfony\Component\HttpKernel\EventListener\DebugHandlersListener::configure". [] []
[2015-03-01 00:37:51] event.DEBUG: Notified event "kernel.request" to listener "Symfony\Bundle\FrameworkBundle\EventListener\SessionListener::onKernelRequest". [] []
[2015-03-01 00:37:51] event.DEBUG: Notified event "kernel.request" to listener "Symfony\Component\HttpKernel\EventListener\FragmentListener::onKernelRequest". [] []
[2015-03-01 00:37:51] event.DEBUG: Notified event "kernel.request" to listener "Symfony\Component\HttpKernel\EventListener\RouterListener::onKernelRequest". [] []
[2015-03-01 00:37:51] event.DEBUG: Notified event "kernel.request" to listener "Symfony\Component\HttpKernel\EventListener\LocaleListener::onKernelRequest". [] []
[2015-03-01 00:37:51] event.DEBUG: Notified event "kernel.request" to listener "Symfony\Component\HttpKernel\EventListener\TranslatorListener::onKernelRequest". [] []
[2015-03-01 00:37:51] event.DEBUG: Notified event "kernel.request" to listener "Symfony\Component\Security\Http\Firewall::onKernelRequest". [] []
[2015-03-01 00:37:51] event.DEBUG: Notified event "kernel.controller" to listener "Sensio\Bundle\FrameworkExtraBundle\EventListener\ControllerListener::onKernelController". [] []
[2015-03-01 00:37:51] event.DEBUG: Notified event "kernel.controller" to listener "Sensio\Bundle\FrameworkExtraBundle\EventListener\ParamConverterListener::onKernelController". [] []
[2015-03-01 00:37:51] event.DEBUG: Notified event "kernel.controller" to listener "Sensio\Bundle\FrameworkExtraBundle\EventListener\HttpCacheListener::onKernelController". [] []
[2015-03-01 00:37:51] event.DEBUG: Notified event "kernel.controller" to listener "Sensio\Bundle\FrameworkExtraBundle\EventListener\SecurityListener::onKernelController". [] []
[2015-03-01 00:37:51] event.DEBUG: Notified event "kernel.controller" to listener "Sensio\Bundle\FrameworkExtraBundle\EventListener\TemplateListener::onKernelController". [] []
[2015-03-01 00:37:52] event.DEBUG: Notified event "kernel.response" to listener "Symfony\Component\Security\Http\Firewall\ContextListener::onKernelResponse". [] []
[2015-03-01 00:37:52] event.DEBUG: Notified event "kernel.response" to listener "Symfony\Component\HttpKernel\EventListener\ResponseListener::onKernelResponse". [] []
[2015-03-01 00:37:52] event.DEBUG: Notified event "kernel.response" to listener "Symfony\Component\Security\Http\RememberMe\ResponseListener::onKernelResponse". [] []
[2015-03-01 00:37:52] event.DEBUG: Notified event "kernel.response" to listener "Sensio\Bundle\FrameworkExtraBundle\EventListener\HttpCacheListener::onKernelResponse". [] []
[2015-03-01 00:37:52] event.DEBUG: Notified event "kernel.response" to listener "Symfony\Component\HttpKernel\EventListener\SaveSessionListener::onKernelResponse". [] []
[2015-03-01 00:37:52] event.DEBUG: Notified event "kernel.response" to listener "Symfony\Component\HttpKernel\EventListener\StreamedResponseListener::onKernelResponse". [] []
[2015-03-01 00:37:52] event.DEBUG: Notified event "kernel.finish_request" to listener "Symfony\Component\HttpKernel\EventListener\LocaleListener::onKernelFinishRequest". [] []
[2015-03-01 00:37:52] event.DEBUG: Notified event "kernel.finish_request" to listener "Symfony\Component\HttpKernel\EventListener\TranslatorListener::onKernelFinishRequest". [] []
[2015-03-01 00:37:52] event.DEBUG: Notified event "kernel.finish_request" to listener "Symfony\Component\HttpKernel\EventListener\RouterListener::onKernelFinishRequest". [] []
[2015-03-01 00:37:52] event.DEBUG: Notified event "kernel.finish_request" to listener "Symfony\Component\Security\Http\Firewall::onKernelFinishRequest". [] []
[2015-03-01 00:37:52] event.DEBUG: Notified event "kernel.exception" to listener "Symfony\Component\Security\Http\Firewall\ExceptionListener::onKernelException". [] []
[2015-03-01 00:37:52] event.DEBUG: Notified event "kernel.exception" to listener "Symfony\Component\HttpKernel\EventListener\ExceptionListener::onKernelException". [] []
[2015-03-01 00:37:52] event.DEBUG: Listener "Symfony\Component\HttpKernel\EventListener\ExceptionListener::onKernelException" stopped propagation of the event "kernel.exception". [] []
[2015-03-01 00:37:52] security.DEBUG: Write SecurityContext in the session [] []
[2015-03-01 00:37:52] event.DEBUG: Notified event "kernel.response" to listener "Symfony\Component\Security\Http\Firewall\ContextListener::onKernelResponse". [] []
[2015-03-01 00:37:52] event.DEBUG: Notified event "kernel.response" to listener "Symfony\Component\HttpKernel\EventListener\ResponseListener::onKernelResponse". [] []
[2015-03-01 00:37:52] event.DEBUG: Notified event "kernel.response" to listener "Symfony\Component\Security\Http\RememberMe\ResponseListener::onKernelResponse". [] []
[2015-03-01 00:37:52] event.DEBUG: Notified event "kernel.response" to listener "Sensio\Bundle\FrameworkExtraBundle\EventListener\HttpCacheListener::onKernelResponse". [] []
[2015-03-01 00:37:52] event.DEBUG: Notified event "kernel.response" to listener "Symfony\Component\HttpKernel\EventListener\SaveSessionListener::onKernelResponse". [] []
[2015-03-01 00:37:52] event.DEBUG: Notified event "kernel.response" to listener "Symfony\Component\HttpKernel\EventListener\StreamedResponseListener::onKernelResponse". [] []
[2015-03-01 00:37:52] event.DEBUG: Notified event "kernel.finish_request" to listener "Symfony\Component\HttpKernel\EventListener\LocaleListener::onKernelFinishRequest". [] []
[2015-03-01 00:37:52] event.DEBUG: Notified event "kernel.finish_request" to listener "Symfony\Component\HttpKernel\EventListener\TranslatorListener::onKernelFinishRequest". [] []
[2015-03-01 00:37:52] event.DEBUG: Notified event "kernel.finish_request" to listener "Symfony\Component\HttpKernel\EventListener\RouterListener::onKernelFinishRequest". [] []
[2015-03-01 00:37:52] event.DEBUG: Notified event "kernel.finish_request" to listener "Symfony\Component\Security\Http\Firewall::onKernelFinishRequest". [] []
[2015-03-01 00:37:52] event.DEBUG: Notified event "kernel.terminate" to listener "Symfony\Bundle\SwiftmailerBundle\EventListener\EmailSenderListener::onTerminate". [] []
[2015-03-01 00:37:57] request.INFO: Matched route "suh_get_etudiant" (parameters: "_controller": "SUH\GestionBundle\Controller\AffichageController::AfficherAccueilEtudiantAction", "id": "104", "_route": "suh_get_etudiant") [] []
[2015-03-01 00:37:57] security.DEBUG: Read SecurityContext from the session [] []
[2015-03-01 00:37:57] security.DEBUG: Reloading user from user provider. [] []
[2015-03-01 00:37:57] security.DEBUG: Username "admin" was reloaded from user provider. [] []
[2015-03-01 00:37:57] event.DEBUG: Notified event "kernel.request" to listener "Symfony\Component\HttpKernel\EventListener\DebugHandlersListener::configure". [] []
[2015-03-01 00:37:57] event.DEBUG: Notified event "kernel.request" to listener "Symfony\Bundle\FrameworkBundle\EventListener\SessionListener::onKernelRequest". [] []
[2015-03-01 00:37:57] event.DEBUG: Notified event "kernel.request" to listener "Symfony\Component\HttpKernel\EventListener\FragmentListener::onKernelRequest". [] []
[2015-03-01 00:37:57] event.DEBUG: Notified event "kernel.request" to listener "Symfony\Component\HttpKernel\EventListener\RouterListener::onKernelRequest". [] []
[2015-03-01 00:37:57] event.DEBUG: Notified event "kernel.request" to listener "Symfony\Component\HttpKernel\EventListener\LocaleListener::onKernelRequest". [] []
[2015-03-01 00:37:57] event.DEBUG: Notified event "kernel.request" to listener "Symfony\Component\HttpKernel\EventListener\TranslatorListener::onKernelRequest". [] []
[2015-03-01 00:37:57] event.DEBUG: Notified event "kernel.request" to listener "Symfony\Component\Security\Http\Firewall::onKernelRequest". [] []
[2015-03-01 00:37:57] event.DEBUG: Notified event "kernel.controller" to listener "Sensio\Bundle\FrameworkExtraBundle\EventListener\ControllerListener::onKernelController". [] []
[2015-03-01 00:37:57] event.DEBUG: Notified event "kernel.controller" to listener "Sensio\Bundle\FrameworkExtraBundle\EventListener\ParamConverterListener::onKernelController". [] []
[2015-03-01 00:37:57] event.DEBUG: Notified event "kernel.controller" to listener "Sensio\Bundle\FrameworkExtraBundle\EventListener\HttpCacheListener::onKernelController". [] []
[2015-03-01 00:37:57] event.DEBUG: Notified event "kernel.controller" to listener "Sensio\Bundle\FrameworkExtraBundle\EventListener\SecurityListener::onKernelController". [] []
[2015-03-01 00:37:57] event.DEBUG: Notified event "kernel.controller" to listener "Sensio\Bundle\FrameworkExtraBundle\EventListener\TemplateListener::onKernelController". [] []
[2015-03-01 00:37:57] doctrine.DEBUG: SELECT e0_.id AS id0, e0_.qhandi AS qhandi1, e0_.rqth AS rqth2, e0_.notificationSavs AS notificationSavs3, e0_.amenagementEtude AS amenagementEtude4, e0_.tauxInvalidite AS tauxInvalidite5, e0_.suivi AS suivi6, e0_.dateMaj AS dateMaj7, e0_.descriptifComplementaire AS descriptifComplementaire8, e1_.id AS id9, e1_.nomEtudiant AS nomEtudiant10, e1_.prenomEtudiant AS prenomEtudiant11, e1_.dateNaissance AS dateNaissance12, e1_.mail AS mail13, e1_.adresseEtudiante AS adresseEtudiante14, e1_.adresseFamiliale AS adresseFamiliale15, e1_.telephone AS telephone16, e2_.annee AS annee17, f3_.id AS id18, f3_.diplome AS diplome19, f3_.composante AS composante20, f3_.filiere AS filiere21, f3_.cycle AS cycle22, f3_.etablissement AS etablissement23, m4_.id AS id24, m4_.reconnaissanceMdph AS reconnaissanceMdph25, m4_.departementMdph AS departementMdph26, h5_.id AS id27, h5_.nomHandicap AS nomHandicap28, d6_.dateDebut AS dateDebut29, d6_.dateFin AS dateFin30, a7_.id AS id31, a7_.amenagementExamens AS amenagementExamens32, a7_.tempsMajore AS tempsMajore33, a7_.autresMesures AS autresMesures34, a7_.delocalisationExamen AS delocalisationExamen35, a7_.dateValidite AS dateValidite36, a7_.dureeAvisMedical AS dureeAvisMedical37, e0_.id AS id38, e0_.mdph_id AS mdph_id39, e1_.etudiantSpecialise_id AS etudiantSpecialise_id40, e2_.etudiant_id AS etudiant_id41, e2_.formation_id AS formation_id42, d6_.etudiantHandicape_id AS etudiantHandicape_id43, d6_.aideExamen_id AS aideExamen_id44 FROM EtudiantHandicape e0_ INNER JOIN Etudiant e1_ ON e0_.id = e1_.id INNER JOIN EtudiantFormation e2_ ON e1_.id = e2_.etudiant_id INNER JOIN Formation f3_ ON e2_.formation_id = f3_.id INNER JOIN Mdph m4_ ON e0_.mdph_id = m4_.id INNER JOIN etudianthandicape_handicap e8_ ON e0_.id = e8_.etudianthandicape_id INNER JOIN Handicap h5_ ON h5_.id = e8_.handicap_id INNER JOIN DatesAideExamen d6_ ON e0_.id = d6_.etudiantHandicape_id INNER JOIN AideExamen a7_ ON d6_.aideExamen_id = a7_.id WHERE e0_.id = ? ["104"] []
[2015-03-01 00:37:58] request.CRITICAL: Uncaught PHP Exception Twig_Error_Runtime: "Method "nomEtudiant" for object "SUH\GestionBundle\Entity\EtudiantHandicape" does not exist in "SUHGestionBundle:Default:spoiler.html.twig" at line 2" at C:\wamp\www\suhSymfony\app\cache\prod\classes.php line 5238 {"exception":"[object] (Twig_Error_Runtime(code: 0): Method \"nomEtudiant\" for object \"SUH\\GestionBundle\\Entity\\EtudiantHandicape\" does not exist in \"SUHGestionBundle:Default:spoiler.html.twig\" at line 2 at C:\\wamp\\www\\suhSymfony\\app\\cache\\prod\\classes.php:5238)"} []
[2015-03-01 00:37:58] event.DEBUG: Notified event "kernel.request" to listener "Symfony\Component\HttpKernel\EventListener\DebugHandlersListener::configure". [] []
[2015-03-01 00:37:58] event.DEBUG: Notified event "kernel.request" to listener "Symfony\Bundle\FrameworkBundle\EventListener\SessionListener::onKernelRequest". [] []
[2015-03-01 00:37:58] event.DEBUG: Notified event "kernel.request" to listener "Symfony\Component\HttpKernel\EventListener\FragmentListener::onKernelRequest". [] []
[2015-03-01 00:37:58] event.DEBUG: Notified event "kernel.request" to listener "Symfony\Component\HttpKernel\EventListener\RouterListener::onKernelRequest". [] []
[2015-03-01 00:37:58] event.DEBUG: Notified event "kernel.request" to listener "Symfony\Component\HttpKernel\EventListener\LocaleListener::onKernelRequest". [] []
[2015-03-01 00:37:58] event.DEBUG: Notified event "kernel.request" to listener "Symfony\Component\HttpKernel\EventListener\TranslatorListener::onKernelRequest". [] []
[2015-03-01 00:37:58] event.DEBUG: Notified event "kernel.request" to listener "Symfony\Component\Security\Http\Firewall::onKernelRequest". [] []
[2015-03-01 00:37:58] event.DEBUG: Notified event "kernel.controller" to listener "Sensio\Bundle\FrameworkExtraBundle\EventListener\ControllerListener::onKernelController". [] []
[2015-03-01 00:37:58] event.DEBUG: Notified event "kernel.controller" to listener "Sensio\Bundle\FrameworkExtraBundle\EventListener\ParamConverterListener::onKernelController". [] []
[2015-03-01 00:37:58] event.DEBUG: Notified event "kernel.controller" to listener "Sensio\Bundle\FrameworkExtraBundle\EventListener\HttpCacheListener::onKernelController". [] []
[2015-03-01 00:37:58] event.DEBUG: Notified event "kernel.controller" to listener "Sensio\Bundle\FrameworkExtraBundle\EventListener\SecurityListener::onKernelController". [] []
[2015-03-01 00:37:58] event.DEBUG: Notified event "kernel.controller" to listener "Sensio\Bundle\FrameworkExtraBundle\EventListener\TemplateListener::onKernelController". [] []
[2015-03-01 00:37:58] event.DEBUG: Notified event "kernel.response" to listener "Symfony\Component\Security\Http\Firewall\ContextListener::onKernelResponse". [] []
[2015-03-01 00:37:58] event.DEBUG: Notified event "kernel.response" to listener "Symfony\Component\HttpKernel\EventListener\ResponseListener::onKernelResponse". [] []
[2015-03-01 00:37:58] event.DEBUG: Notified event "kernel.response" to listener "Symfony\Component\Security\Http\RememberMe\ResponseListener::onKernelResponse". [] []
[2015-03-01 00:37:58] event.DEBUG: Notified event "kernel.response" to listener "Sensio\Bundle\FrameworkExtraBundle\EventListener\HttpCacheListener::onKernelResponse". [] []
[2015-03-01 00:37:58] event.DEBUG: Notified event "kernel.response" to listener "Symfony\Component\HttpKernel\EventListener\SaveSessionListener::onKernelResponse". [] []
[2015-03-01 00:37:58] event.DEBUG: Notified event "kernel.response" to listener "Symfony\Component\HttpKernel\EventListener\StreamedResponseListener::onKernelResponse". [] []
[2015-03-01 00:37:58] event.DEBUG: Notified event "kernel.finish_request" to listener "Symfony\Component\HttpKernel\EventListener\LocaleListener::onKernelFinishRequest". [] []
[2015-03-01 00:37:58] event.DEBUG: Notified event "kernel.finish_request" to listener "Symfony\Component\HttpKernel\EventListener\TranslatorListener::onKernelFinishRequest". [] []
[2015-03-01 00:37:58] event.DEBUG: Notified event "kernel.finish_request" to listener "Symfony\Component\HttpKernel\EventListener\RouterListener::onKernelFinishRequest". [] []
[2015-03-01 00:37:58] event.DEBUG: Notified event "kernel.finish_request" to listener "Symfony\Component\Security\Http\Firewall::onKernelFinishRequest". [] []
[2015-03-01 00:37:58] event.DEBUG: Notified event "kernel.exception" to listener "Symfony\Component\Security\Http\Firewall\ExceptionListener::onKernelException". [] []
[2015-03-01 00:37:58] event.DEBUG: Notified event "kernel.exception" to listener "Symfony\Component\HttpKernel\EventListener\ExceptionListener::onKernelException". [] []
[2015-03-01 00:37:58] event.DEBUG: Listener "Symfony\Component\HttpKernel\EventListener\ExceptionListener::onKernelException" stopped propagation of the event "kernel.exception". [] []
[2015-03-01 00:37:58] security.DEBUG: Write SecurityContext in the session [] []
[2015-03-01 00:37:58] event.DEBUG: Notified event "kernel.response" to listener "Symfony\Component\Security\Http\Firewall\ContextListener::onKernelResponse". [] []
[2015-03-01 00:37:58] event.DEBUG: Notified event "kernel.response" to listener "Symfony\Component\HttpKernel\EventListener\ResponseListener::onKernelResponse". [] []
[2015-03-01 00:37:58] event.DEBUG: Notified event "kernel.response" to listener "Symfony\Component\Security\Http\RememberMe\ResponseListener::onKernelResponse". [] []
[2015-03-01 00:37:58] event.DEBUG: Notified event "kernel.response" to listener "Sensio\Bundle\FrameworkExtraBundle\EventListener\HttpCacheListener::onKernelResponse". [] []
[2015-03-01 00:37:58] event.DEBUG: Notified event "kernel.response" to listener "Symfony\Component\HttpKernel\EventListener\SaveSessionListener::onKernelResponse". [] []
[2015-03-01 00:37:58] event.DEBUG: Notified event "kernel.response" to listener "Symfony\Component\HttpKernel\EventListener\StreamedResponseListener::onKernelResponse". [] []
[2015-03-01 00:37:58] event.DEBUG: Notified event "kernel.finish_request" to listener "Symfony\Component\HttpKernel\EventListener\LocaleListener::onKernelFinishRequest". [] []
[2015-03-01 00:37:58] event.DEBUG: Notified event "kernel.finish_request" to listener "Symfony\Component\HttpKernel\EventListener\TranslatorListener::onKernelFinishRequest". [] []
[2015-03-01 00:37:58] event.DEBUG: Notified event "kernel.finish_request" to listener "Symfony\Component\HttpKernel\EventListener\RouterListener::onKernelFinishRequest". [] []
[2015-03-01 00:37:58] event.DEBUG: Notified event "kernel.finish_request" to listener "Symfony\Component\Security\Http\Firewall::onKernelFinishRequest". [] []
[2015-03-01 00:37:58] event.DEBUG: Notified event "kernel.terminate" to listener "Symfony\Bundle\SwiftmailerBundle\EventListener\EmailSenderListener::onTerminate". [] []
[2015-03-01 00:38:02] request.INFO: Matched route "suh_get_etudiant" (parameters: "_controller": "SUH\GestionBundle\Controller\AffichageController::AfficherAccueilEtudiantAction", "id": "106", "_route": "suh_get_etudiant") [] []
[2015-03-01 00:38:02] security.DEBUG: Read SecurityContext from the session [] []
[2015-03-01 00:38:02] security.DEBUG: Reloading user from user provider. [] []
[2015-03-01 00:38:02] security.DEBUG: Username "admin" was reloaded from user provider. [] []
[2015-03-01 00:38:02] event.DEBUG: Notified event "kernel.request" to listener "Symfony\Component\HttpKernel\EventListener\DebugHandlersListener::configure". [] []
[2015-03-01 00:38:02] event.DEBUG: Notified event "kernel.request" to listener "Symfony\Bundle\FrameworkBundle\EventListener\SessionListener::onKernelRequest". [] []
[2015-03-01 00:38:02] event.DEBUG: Notified event "kernel.request" to listener "Symfony\Component\HttpKernel\EventListener\FragmentListener::onKernelRequest". [] []
[2015-03-01 00:38:02] event.DEBUG: Notified event "kernel.request" to listener "Symfony\Component\HttpKernel\EventListener\RouterListener::onKernelRequest". [] []
[2015-03-01 00:38:02] event.DEBUG: Notified event "kernel.request" to listener "Symfony\Component\HttpKernel\EventListener\LocaleListener::onKernelRequest". [] []
[2015-03-01 00:38:02] event.DEBUG: Notified event "kernel.request" to listener "Symfony\Component\HttpKernel\EventListener\TranslatorListener::onKernelRequest". [] []
[2015-03-01 00:38:02] event.DEBUG: Notified event "kernel.request" to listener "Symfony\Component\Security\Http\Firewall::onKernelRequest". [] []
[2015-03-01 00:38:02] event.DEBUG: Notified event "kernel.controller" to listener "Sensio\Bundle\FrameworkExtraBundle\EventListener\ControllerListener::onKernelController". [] []
[2015-03-01 00:38:02] event.DEBUG: Notified event "kernel.controller" to listener "Sensio\Bundle\FrameworkExtraBundle\EventListener\ParamConverterListener::onKernelController". [] []
[2015-03-01 00:38:02] event.DEBUG: Notified event "kernel.controller" to listener "Sensio\Bundle\FrameworkExtraBundle\EventListener\HttpCacheListener::onKernelController". [] []
[2015-03-01 00:38:02] event.DEBUG: Notified event "kernel.controller" to listener "Sensio\Bundle\FrameworkExtraBundle\EventListener\SecurityListener::onKernelController". [] []
[2015-03-01 00:38:02] event.DEBUG: Notified event "kernel.controller" to listener "Sensio\Bundle\FrameworkExtraBundle\EventListener\TemplateListener::onKernelController". [] []
[2015-03-01 00:38:02] doctrine.DEBUG: SELECT e0_.id AS id0, e0_.qhandi AS qhandi1, e0_.rqth AS rqth2, e0_.notificationSavs AS notificationSavs3, e0_.amenagementEtude AS amenagementEtude4, e0_.tauxInvalidite AS tauxInvalidite5, e0_.suivi AS suivi6, e0_.dateMaj AS dateMaj7, e0_.descriptifComplementaire AS descriptifComplementaire8, e1_.id AS id9, e1_.nomEtudiant AS nomEtudiant10, e1_.prenomEtudiant AS prenomEtudiant11, e1_.dateNaissance AS dateNaissance12, e1_.mail AS mail13, e1_.adresseEtudiante AS adresseEtudiante14, e1_.adresseFamiliale AS adresseFamiliale15, e1_.telephone AS telephone16, e2_.annee AS annee17, f3_.id AS id18, f3_.diplome AS diplome19, f3_.composante AS composante20, f3_.filiere AS filiere21, f3_.cycle AS cycle22, f3_.etablissement AS etablissement23, m4_.id AS id24, m4_.reconnaissanceMdph AS reconnaissanceMdph25, m4_.departementMdph AS departementMdph26, h5_.id AS id27, h5_.nomHandicap AS nomHandicap28, d6_.dateDebut AS dateDebut29, d6_.dateFin AS dateFin30, a7_.id AS id31, a7_.amenagementExamens AS amenagementExamens32, a7_.tempsMajore AS tempsMajore33, a7_.autresMesures AS autresMesures34, a7_.delocalisationExamen AS delocalisationExamen35, a7_.dateValidite AS dateValidite36, a7_.dureeAvisMedical AS dureeAvisMedical37, e0_.id AS id38, e0_.mdph_id AS mdph_id39, e1_.etudiantSpecialise_id AS etudiantSpecialise_id40, e2_.etudiant_id AS etudiant_id41, e2_.formation_id AS formation_id42, d6_.etudiantHandicape_id AS etudiantHandicape_id43, d6_.aideExamen_id AS aideExamen_id44 FROM EtudiantHandicape e0_ INNER JOIN Etudiant e1_ ON e0_.id = e1_.id INNER JOIN EtudiantFormation e2_ ON e1_.id = e2_.etudiant_id INNER JOIN Formation f3_ ON e2_.formation_id = f3_.id INNER JOIN Mdph m4_ ON e0_.mdph_id = m4_.id INNER JOIN etudianthandicape_handicap e8_ ON e0_.id = e8_.etudianthandicape_id INNER JOIN Handicap h5_ ON h5_.id = e8_.handicap_id INNER JOIN DatesAideExamen d6_ ON e0_.id = d6_.etudiantHandicape_id INNER JOIN AideExamen a7_ ON d6_.aideExamen_id = a7_.id WHERE e0_.id = ? ["106"] []
[2015-03-01 00:38:02] request.CRITICAL: Uncaught PHP Exception Twig_Error_Runtime: "Method "nomEtudiant" for object "SUH\GestionBundle\Entity\EtudiantHandicape" does not exist in "SUHGestionBundle:Default:spoiler.html.twig" at line 2" at C:\wamp\www\suhSymfony\app\cache\prod\classes.php line 5238 {"exception":"[object] (Twig_Error_Runtime(code: 0): Method \"nomEtudiant\" for object \"SUH\\GestionBundle\\Entity\\EtudiantHandicape\" does not exist in \"SUHGestionBundle:Default:spoiler.html.twig\" at line 2 at C:\\wamp\\www\\suhSymfony\\app\\cache\\prod\\classes.php:5238)"} []
[2015-03-01 00:38:02] event.DEBUG: Notified event "kernel.request" to listener "Symfony\Component\HttpKernel\EventListener\DebugHandlersListener::configure". [] []
[2015-03-01 00:38:02] event.DEBUG: Notified event "kernel.request" to listener "Symfony\Bundle\FrameworkBundle\EventListener\SessionListener::onKernelRequest". [] []
[2015-03-01 00:38:02] event.DEBUG: Notified event "kernel.request" to listener "Symfony\Component\HttpKernel\EventListener\FragmentListener::onKernelRequest". [] []
[2015-03-01 00:38:02] event.DEBUG: Notified event "kernel.request" to listener "Symfony\Component\HttpKernel\EventListener\RouterListener::onKernelRequest". [] []
[2015-03-01 00:38:02] event.DEBUG: Notified event "kernel.request" to listener "Symfony\Component\HttpKernel\EventListener\LocaleListener::onKernelRequest". [] []
[2015-03-01 00:38:02] event.DEBUG: Notified event "kernel.request" to listener "Symfony\Component\HttpKernel\EventListener\TranslatorListener::onKernelRequest". [] []
[2015-03-01 00:38:02] event.DEBUG: Notified event "kernel.request" to listener "Symfony\Component\Security\Http\Firewall::onKernelRequest". [] []
[2015-03-01 00:38:02] event.DEBUG: Notified event "kernel.controller" to listener "Sensio\Bundle\FrameworkExtraBundle\EventListener\ControllerListener::onKernelController". [] []
[2015-03-01 00:38:02] event.DEBUG: Notified event "kernel.controller" to listener "Sensio\Bundle\FrameworkExtraBundle\EventListener\ParamConverterListener::onKernelController". [] []
[2015-03-01 00:38:02] event.DEBUG: Notified event "kernel.controller" to listener "Sensio\Bundle\FrameworkExtraBundle\EventListener\HttpCacheListener::onKernelController". [] []
[2015-03-01 00:38:02] event.DEBUG: Notified event "kernel.controller" to listener "Sensio\Bundle\FrameworkExtraBundle\EventListener\SecurityListener::onKernelController". [] []
[2015-03-01 00:38:02] event.DEBUG: Notified event "kernel.controller" to listener "Sensio\Bundle\FrameworkExtraBundle\EventListener\TemplateListener::onKernelController". [] []
[2015-03-01 00:38:03] event.DEBUG: Notified event "kernel.response" to listener "Symfony\Component\Security\Http\Firewall\ContextListener::onKernelResponse". [] []
[2015-03-01 00:38:03] event.DEBUG: Notified event "kernel.response" to listener "Symfony\Component\HttpKernel\EventListener\ResponseListener::onKernelResponse". [] []
[2015-03-01 00:38:03] event.DEBUG: Notified event "kernel.response" to listener "Symfony\Component\Security\Http\RememberMe\ResponseListener::onKernelResponse". [] []
[2015-03-01 00:38:03] event.DEBUG: Notified event "kernel.response" to listener "Sensio\Bundle\FrameworkExtraBundle\EventListener\HttpCacheListener::onKernelResponse". [] []
[2015-03-01 00:38:03] event.DEBUG: Notified event "kernel.response" to listener "Symfony\Component\HttpKernel\EventListener\SaveSessionListener::onKernelResponse". [] []
[2015-03-01 00:38:03] event.DEBUG: Notified event "kernel.response" to listener "Symfony\Component\HttpKernel\EventListener\StreamedResponseListener::onKernelResponse". [] []
[2015-03-01 00:38:03] event.DEBUG: Notified event "kernel.finish_request" to listener "Symfony\Component\HttpKernel\EventListener\LocaleListener::onKernelFinishRequest". [] []
[2015-03-01 00:38:03] event.DEBUG: Notified event "kernel.finish_request" to listener "Symfony\Component\HttpKernel\EventListener\TranslatorListener::onKernelFinishRequest". [] []
[2015-03-01 00:38:03] event.DEBUG: Notified event "kernel.finish_request" to listener "Symfony\Component\HttpKernel\EventListener\RouterListener::onKernelFinishRequest". [] []
[2015-03-01 00:38:03] event.DEBUG: Notified event "kernel.finish_request" to listener "Symfony\Component\Security\Http\Firewall::onKernelFinishRequest". [] []
[2015-03-01 00:38:03] event.DEBUG: Notified event "kernel.exception" to listener "Symfony\Component\Security\Http\Firewall\ExceptionListener::onKernelException". [] []
[2015-03-01 00:38:03] event.DEBUG: Notified event "kernel.exception" to listener "Symfony\Component\HttpKernel\EventListener\ExceptionListener::onKernelException". [] []
[2015-03-01 00:38:03] event.DEBUG: Listener "Symfony\Component\HttpKernel\EventListener\ExceptionListener::onKernelException" stopped propagation of the event "kernel.exception". [] []
[2015-03-01 00:38:03] security.DEBUG: Write SecurityContext in the session [] []
[2015-03-01 00:38:03] event.DEBUG: Notified event "kernel.response" to listener "Symfony\Component\Security\Http\Firewall\ContextListener::onKernelResponse". [] []
[2015-03-01 00:38:03] event.DEBUG: Notified event "kernel.response" to listener "Symfony\Component\HttpKernel\EventListener\ResponseListener::onKernelResponse". [] []
[2015-03-01 00:38:03] event.DEBUG: Notified event "kernel.response" to listener "Symfony\Component\Security\Http\RememberMe\ResponseListener::onKernelResponse". [] []
[2015-03-01 00:38:03] event.DEBUG: Notified event "kernel.response" to listener "Sensio\Bundle\FrameworkExtraBundle\EventListener\HttpCacheListener::onKernelResponse". [] []
[2015-03-01 00:38:03] event.DEBUG: Notified event "kernel.response" to listener "Symfony\Component\HttpKernel\EventListener\SaveSessionListener::onKernelResponse". [] []
[2015-03-01 00:38:03] event.DEBUG: Notified event "kernel.response" to listener "Symfony\Component\HttpKernel\EventListener\StreamedResponseListener::onKernelResponse". [] []
[2015-03-01 00:38:03] event.DEBUG: Notified event "kernel.finish_request" to listener "Symfony\Component\HttpKernel\EventListener\LocaleListener::onKernelFinishRequest". [] []
[2015-03-01 00:38:03] event.DEBUG: Notified event "kernel.finish_request" to listener "Symfony\Component\HttpKernel\EventListener\TranslatorListener::onKernelFinishRequest". [] []
[2015-03-01 00:38:03] event.DEBUG: Notified event "kernel.finish_request" to listener "Symfony\Component\HttpKernel\EventListener\RouterListener::onKernelFinishRequest". [] []
[2015-03-01 00:38:03] event.DEBUG: Notified event "kernel.finish_request" to listener "Symfony\Component\Security\Http\Firewall::onKernelFinishRequest". [] []
[2015-03-01 00:38:03] event.DEBUG: Notified event "kernel.terminate" to listener "Symfony\Bundle\SwiftmailerBundle\EventListener\EmailSenderListener::onTerminate". [] []
[2015-03-01 00:38:48] request.INFO: Matched route "suh_get_etudiant" (parameters: "_controller": "SUH\GestionBundle\Controller\AffichageController::AfficherAccueilEtudiantAction", "id": "102", "_route": "suh_get_etudiant") [] []
[2015-03-01 00:38:48] security.DEBUG: Read SecurityContext from the session [] []
[2015-03-01 00:38:48] security.DEBUG: Reloading user from user provider. [] []
[2015-03-01 00:38:48] security.DEBUG: Username "admin" was reloaded from user provider. [] []
[2015-03-01 00:38:48] event.DEBUG: Notified event "kernel.request" to listener "Symfony\Component\HttpKernel\EventListener\DebugHandlersListener::configure". [] []
[2015-03-01 00:38:48] event.DEBUG: Notified event "kernel.request" to listener "Symfony\Bundle\FrameworkBundle\EventListener\SessionListener::onKernelRequest". [] []
[2015-03-01 00:38:48] event.DEBUG: Notified event "kernel.request" to listener "Symfony\Component\HttpKernel\EventListener\FragmentListener::onKernelRequest". [] []
[2015-03-01 00:38:48] event.DEBUG: Notified event "kernel.request" to listener "Symfony\Component\HttpKernel\EventListener\RouterListener::onKernelRequest". [] []
[2015-03-01 00:38:48] event.DEBUG: Notified event "kernel.request" to listener "Symfony\Component\HttpKernel\EventListener\LocaleListener::onKernelRequest". [] []
[2015-03-01 00:38:48] event.DEBUG: Notified event "kernel.request" to listener "Symfony\Component\HttpKernel\EventListener\TranslatorListener::onKernelRequest". [] []
[2015-03-01 00:38:48] event.DEBUG: Notified event "kernel.request" to listener "Symfony\Component\Security\Http\Firewall::onKernelRequest". [] []
[2015-03-01 00:38:48] event.DEBUG: Notified event "kernel.controller" to listener "Sensio\Bundle\FrameworkExtraBundle\EventListener\ControllerListener::onKernelController". [] []
[2015-03-01 00:38:48] event.DEBUG: Notified event "kernel.controller" to listener "Sensio\Bundle\FrameworkExtraBundle\EventListener\ParamConverterListener::onKernelController". [] []
[2015-03-01 00:38:48] event.DEBUG: Notified event "kernel.controller" to listener "Sensio\Bundle\FrameworkExtraBundle\EventListener\HttpCacheListener::onKernelController". [] []
[2015-03-01 00:38:48] event.DEBUG: Notified event "kernel.controller" to listener "Sensio\Bundle\FrameworkExtraBundle\EventListener\SecurityListener::onKernelController". [] []
[2015-03-01 00:38:48] event.DEBUG: Notified event "kernel.controller" to listener "Sensio\Bundle\FrameworkExtraBundle\EventListener\TemplateListener::onKernelController". [] []
[2015-03-01 00:38:48] doctrine.DEBUG: SELECT e0_.id AS id0, e0_.qhandi AS qhandi1, e0_.rqth AS rqth2, e0_.notificationSavs AS notificationSavs3, e0_.amenagementEtude AS amenagementEtude4, e0_.tauxInvalidite AS tauxInvalidite5, e0_.suivi AS suivi6, e0_.dateMaj AS dateMaj7, e0_.descriptifComplementaire AS descriptifComplementaire8, e1_.id AS id9, e1_.nomEtudiant AS nomEtudiant10, e1_.prenomEtudiant AS prenomEtudiant11, e1_.dateNaissance AS dateNaissance12, e1_.mail AS mail13, e1_.adresseEtudiante AS adresseEtudiante14, e1_.adresseFamiliale AS adresseFamiliale15, e1_.telephone AS telephone16, e2_.annee AS annee17, f3_.id AS id18, f3_.diplome AS diplome19, f3_.composante AS composante20, f3_.filiere AS filiere21, f3_.cycle AS cycle22, f3_.etablissement AS etablissement23, m4_.id AS id24, m4_.reconnaissanceMdph AS reconnaissanceMdph25, m4_.departementMdph AS departementMdph26, h5_.id AS id27, h5_.nomHandicap AS nomHandicap28, d6_.dateDebut AS dateDebut29, d6_.dateFin AS dateFin30, a7_.id AS id31, a7_.amenagementExamens AS amenagementExamens32, a7_.tempsMajore AS tempsMajore33, a7_.autresMesures AS autresMesures34, a7_.delocalisationExamen AS delocalisationExamen35, a7_.dateValidite AS dateValidite36, a7_.dureeAvisMedical AS dureeAvisMedical37, e0_.id AS id38, e0_.mdph_id AS mdph_id39, e1_.etudiantSpecialise_id AS etudiantSpecialise_id40, e2_.etudiant_id AS etudiant_id41, e2_.formation_id AS formation_id42, d6_.etudiantHandicape_id AS etudiantHandicape_id43, d6_.aideExamen_id AS aideExamen_id44 FROM EtudiantHandicape e0_ INNER JOIN Etudiant e1_ ON e0_.id = e1_.id INNER JOIN EtudiantFormation e2_ ON e1_.id = e2_.etudiant_id INNER JOIN Formation f3_ ON e2_.formation_id = f3_.id INNER JOIN Mdph m4_ ON e0_.mdph_id = m4_.id INNER JOIN etudianthandicape_handicap e8_ ON e0_.id = e8_.etudianthandicape_id INNER JOIN Handicap h5_ ON h5_.id = e8_.handicap_id INNER JOIN DatesAideExamen d6_ ON e0_.id = d6_.etudiantHandicape_id INNER JOIN AideExamen a7_ ON d6_.aideExamen_id = a7_.id WHERE e0_.id = ? ["102"] []
[2015-03-01 00:38:49] request.CRITICAL: Uncaught PHP Exception Twig_Error_Runtime: "Method "nomEtudiant" for object "SUH\GestionBundle\Entity\EtudiantHandicape" does not exist in "SUHGestionBundle:Default:spoiler.html.twig" at line 3" at C:\wamp\www\suhSymfony\app\cache\prod\classes.php line 5238 {"exception":"[object] (Twig_Error_Runtime(code: 0): Method \"nomEtudiant\" for object \"SUH\\GestionBundle\\Entity\\EtudiantHandicape\" does not exist in \"SUHGestionBundle:Default:spoiler.html.twig\" at line 3 at C:\\wamp\\www\\suhSymfony\\app\\cache\\prod\\classes.php:5238)"} []
[2015-03-01 00:38:49] event.DEBUG: Notified event "kernel.request" to listener "Symfony\Component\HttpKernel\EventListener\DebugHandlersListener::configure". [] []
[2015-03-01 00:38:49] event.DEBUG: Notified event "kernel.request" to listener "Symfony\Bundle\FrameworkBundle\EventListener\SessionListener::onKernelRequest". [] []
[2015-03-01 00:38:49] event.DEBUG: Notified event "kernel.request" to listener "Symfony\Component\HttpKernel\EventListener\FragmentListener::onKernelRequest". [] []
[2015-03-01 00:38:49] event.DEBUG: Notified event "kernel.request" to listener "Symfony\Component\HttpKernel\EventListener\RouterListener::onKernelRequest". [] []
[2015-03-01 00:38:49] event.DEBUG: Notified event "kernel.request" to listener "Symfony\Component\HttpKernel\EventListener\LocaleListener::onKernelRequest". [] []
[2015-03-01 00:38:49] event.DEBUG: Notified event "kernel.request" to listener "Symfony\Component\HttpKernel\EventListener\TranslatorListener::onKernelRequest". [] []
[2015-03-01 00:38:49] event.DEBUG: Notified event "kernel.request" to listener "Symfony\Component\Security\Http\Firewall::onKernelRequest". [] []
[2015-03-01 00:38:49] event.DEBUG: Notified event "kernel.controller" to listener "Sensio\Bundle\FrameworkExtraBundle\EventListener\ControllerListener::onKernelController". [] []
[2015-03-01 00:38:49] event.DEBUG: Notified event "kernel.controller" to listener "Sensio\Bundle\FrameworkExtraBundle\EventListener\ParamConverterListener::onKernelController". [] []
[2015-03-01 00:38:49] event.DEBUG: Notified event "kernel.controller" to listener "Sensio\Bundle\FrameworkExtraBundle\EventListener\HttpCacheListener::onKernelController". [] []
[2015-03-01 00:38:49] event.DEBUG: Notified event "kernel.controller" to listener "Sensio\Bundle\FrameworkExtraBundle\EventListener\SecurityListener::onKernelController". [] []
[2015-03-01 00:38:49] event.DEBUG: Notified event "kernel.controller" to listener "Sensio\Bundle\FrameworkExtraBundle\EventListener\TemplateListener::onKernelController". [] []
[2015-03-01 00:38:49] event.DEBUG: Notified event "kernel.response" to listener "Symfony\Component\Security\Http\Firewall\ContextListener::onKernelResponse". [] []
[2015-03-01 00:38:49] event.DEBUG: Notified event "kernel.response" to listener "Symfony\Component\HttpKernel\EventListener\ResponseListener::onKernelResponse". [] []
[2015-03-01 00:38:49] event.DEBUG: Notified event "kernel.response" to listener "Symfony\Component\Security\Http\RememberMe\ResponseListener::onKernelResponse". [] []
[2015-03-01 00:38:49] event.DEBUG: Notified event "kernel.response" to listener "Sensio\Bundle\FrameworkExtraBundle\EventListener\HttpCacheListener::onKernelResponse". [] []
[2015-03-01 00:38:49] event.DEBUG: Notified event "kernel.response" to listener "Symfony\Component\HttpKernel\EventListener\SaveSessionListener::onKernelResponse". [] []
[2015-03-01 00:38:49] event.DEBUG: Notified event "kernel.response" to listener "Symfony\Component\HttpKernel\EventListener\StreamedResponseListener::onKernelResponse". [] []
[2015-03-01 00:38:49] event.DEBUG: Notified event "kernel.finish_request" to listener "Symfony\Component\HttpKernel\EventListener\LocaleListener::onKernelFinishRequest". [] []
[2015-03-01 00:38:49] event.DEBUG: Notified event "kernel.finish_request" to listener "Symfony\Component\HttpKernel\EventListener\TranslatorListener::onKernelFinishRequest". [] []
[2015-03-01 00:38:49] event.DEBUG: Notified event "kernel.finish_request" to listener "Symfony\Component\HttpKernel\EventListener\RouterListener::onKernelFinishRequest". [] []
[2015-03-01 00:38:49] event.DEBUG: Notified event "kernel.finish_request" to listener "Symfony\Component\Security\Http\Firewall::onKernelFinishRequest". [] []
[2015-03-01 00:38:49] event.DEBUG: Notified event "kernel.exception" to listener "Symfony\Component\Security\Http\Firewall\ExceptionListener::onKernelException". [] []
[2015-03-01 00:38:49] event.DEBUG: Notified event "kernel.exception" to listener "Symfony\Component\HttpKernel\EventListener\ExceptionListener::onKernelException". [] []
[2015-03-01 00:38:49] event.DEBUG: Listener "Symfony\Component\HttpKernel\EventListener\ExceptionListener::onKernelException" stopped propagation of the event "kernel.exception". [] []
[2015-03-01 00:38:49] security.DEBUG: Write SecurityContext in the session [] []
[2015-03-01 00:38:49] event.DEBUG: Notified event "kernel.response" to listener "Symfony\Component\Security\Http\Firewall\ContextListener::onKernelResponse". [] []
[2015-03-01 00:38:49] event.DEBUG: Notified event "kernel.response" to listener "Symfony\Component\HttpKernel\EventListener\ResponseListener::onKernelResponse". [] []
[2015-03-01 00:38:49] event.DEBUG: Notified event "kernel.response" to listener "Symfony\Component\Security\Http\RememberMe\ResponseListener::onKernelResponse". [] []
[2015-03-01 00:38:49] event.DEBUG: Notified event "kernel.response" to listener "Sensio\Bundle\FrameworkExtraBundle\EventListener\HttpCacheListener::onKernelResponse". [] []
[2015-03-01 00:38:49] event.DEBUG: Notified event "kernel.response" to listener "Symfony\Component\HttpKernel\EventListener\SaveSessionListener::onKernelResponse". [] []
[2015-03-01 00:38:49] event.DEBUG: Notified event "kernel.response" to listener "Symfony\Component\HttpKernel\EventListener\StreamedResponseListener::onKernelResponse". [] []
[2015-03-01 00:38:49] event.DEBUG: Notified event "kernel.finish_request" to listener "Symfony\Component\HttpKernel\EventListener\LocaleListener::onKernelFinishRequest". [] []
[2015-03-01 00:38:49] event.DEBUG: Notified event "kernel.finish_request" to listener "Symfony\Component\HttpKernel\EventListener\TranslatorListener::onKernelFinishRequest". [] []
[2015-03-01 00:38:49] event.DEBUG: Notified event "kernel.finish_request" to listener "Symfony\Component\HttpKernel\EventListener\RouterListener::onKernelFinishRequest". [] []
[2015-03-01 00:38:49] event.DEBUG: Notified event "kernel.finish_request" to listener "Symfony\Component\Security\Http\Firewall::onKernelFinishRequest". [] []
[2015-03-01 00:38:49] event.DEBUG: Notified event "kernel.terminate" to listener "Symfony\Bundle\SwiftmailerBundle\EventListener\EmailSenderListener::onTerminate". [] []
[2015-03-01 00:38:52] request.INFO: Matched route "suh_get_etudiant" (parameters: "_controller": "SUH\GestionBundle\Controller\AffichageController::AfficherAccueilEtudiantAction", "id": "102", "_route": "suh_get_etudiant") [] []
[2015-03-01 00:38:52] security.DEBUG: Read SecurityContext from the session [] []
[2015-03-01 00:38:52] security.DEBUG: Reloading user from user provider. [] []
[2015-03-01 00:38:52] security.DEBUG: Username "admin" was reloaded from user provider. [] []
[2015-03-01 00:38:52] event.DEBUG: Notified event "kernel.request" to listener "Symfony\Component\HttpKernel\EventListener\DebugHandlersListener::configure". [] []
[2015-03-01 00:38:52] event.DEBUG: Notified event "kernel.request" to listener "Symfony\Bundle\FrameworkBundle\EventListener\SessionListener::onKernelRequest". [] []
[2015-03-01 00:38:52] event.DEBUG: Notified event "kernel.request" to listener "Symfony\Component\HttpKernel\EventListener\FragmentListener::onKernelRequest". [] []
[2015-03-01 00:38:52] event.DEBUG: Notified event "kernel.request" to listener "Symfony\Component\HttpKernel\EventListener\RouterListener::onKernelRequest". [] []
[2015-03-01 00:38:52] event.DEBUG: Notified event "kernel.request" to listener "Symfony\Component\HttpKernel\EventListener\LocaleListener::onKernelRequest". [] []
[2015-03-01 00:38:52] event.DEBUG: Notified event "kernel.request" to listener "Symfony\Component\HttpKernel\EventListener\TranslatorListener::onKernelRequest". [] []
[2015-03-01 00:38:52] event.DEBUG: Notified event "kernel.request" to listener "Symfony\Component\Security\Http\Firewall::onKernelRequest". [] []
[2015-03-01 00:38:52] event.DEBUG: Notified event "kernel.controller" to listener "Sensio\Bundle\FrameworkExtraBundle\EventListener\ControllerListener::onKernelController". [] []
[2015-03-01 00:38:52] event.DEBUG: Notified event "kernel.controller" to listener "Sensio\Bundle\FrameworkExtraBundle\EventListener\ParamConverterListener::onKernelController". [] []
[2015-03-01 00:38:52] event.DEBUG: Notified event "kernel.controller" to listener "Sensio\Bundle\FrameworkExtraBundle\EventListener\HttpCacheListener::onKernelController". [] []
[2015-03-01 00:38:52] event.DEBUG: Notified event "kernel.controller" to listener "Sensio\Bundle\FrameworkExtraBundle\EventListener\SecurityListener::onKernelController". [] []
[2015-03-01 00:38:52] event.DEBUG: Notified event "kernel.controller" to listener "Sensio\Bundle\FrameworkExtraBundle\EventListener\TemplateListener::onKernelController". [] []
[2015-03-01 00:38:52] doctrine.DEBUG: SELECT e0_.id AS id0, e0_.qhandi AS qhandi1, e0_.rqth AS rqth2, e0_.notificationSavs AS notificationSavs3, e0_.amenagementEtude AS amenagementEtude4, e0_.tauxInvalidite AS tauxInvalidite5, e0_.suivi AS suivi6, e0_.dateMaj AS dateMaj7, e0_.descriptifComplementaire AS descriptifComplementaire8, e1_.id AS id9, e1_.nomEtudiant AS nomEtudiant10, e1_.prenomEtudiant AS prenomEtudiant11, e1_.dateNaissance AS dateNaissance12, e1_.mail AS mail13, e1_.adresseEtudiante AS adresseEtudiante14, e1_.adresseFamiliale AS adresseFamiliale15, e1_.telephone AS telephone16, e2_.annee AS annee17, f3_.id AS id18, f3_.diplome AS diplome19, f3_.composante AS composante20, f3_.filiere AS filiere21, f3_.cycle AS cycle22, f3_.etablissement AS etablissement23, m4_.id AS id24, m4_.reconnaissanceMdph AS reconnaissanceMdph25, m4_.departementMdph AS departementMdph26, h5_.id AS id27, h5_.nomHandicap AS nomHandicap28, d6_.dateDebut AS dateDebut29, d6_.dateFin AS dateFin30, a7_.id AS id31, a7_.amenagementExamens AS amenagementExamens32, a7_.tempsMajore AS tempsMajore33, a7_.autresMesures AS autresMesures34, a7_.delocalisationExamen AS delocalisationExamen35, a7_.dateValidite AS dateValidite36, a7_.dureeAvisMedical AS dureeAvisMedical37, e0_.id AS id38, e0_.mdph_id AS mdph_id39, e1_.etudiantSpecialise_id AS etudiantSpecialise_id40, e2_.etudiant_id AS etudiant_id41, e2_.formation_id AS formation_id42, d6_.etudiantHandicape_id AS etudiantHandicape_id43, d6_.aideExamen_id AS aideExamen_id44 FROM EtudiantHandicape e0_ INNER JOIN Etudiant e1_ ON e0_.id = e1_.id INNER JOIN EtudiantFormation e2_ ON e1_.id = e2_.etudiant_id INNER JOIN Formation f3_ ON e2_.formation_id = f3_.id INNER JOIN Mdph m4_ ON e0_.mdph_id = m4_.id INNER JOIN etudianthandicape_handicap e8_ ON e0_.id = e8_.etudianthandicape_id INNER JOIN Handicap h5_ ON h5_.id = e8_.handicap_id INNER JOIN DatesAideExamen d6_ ON e0_.id = d6_.etudiantHandicape_id INNER JOIN AideExamen a7_ ON d6_.aideExamen_id = a7_.id WHERE e0_.id = ? ["102"] []
[2015-03-01 00:38:53] request.CRITICAL: Uncaught PHP Exception Twig_Error_Runtime: "Method "nomEtudiant" for object "SUH\GestionBundle\Entity\EtudiantHandicape" does not exist in "SUHGestionBundle:Default:spoiler.html.twig" at line 3" at C:\wamp\www\suhSymfony\app\cache\prod\classes.php line 5238 {"exception":"[object] (Twig_Error_Runtime(code: 0): Method \"nomEtudiant\" for object \"SUH\\GestionBundle\\Entity\\EtudiantHandicape\" does not exist in \"SUHGestionBundle:Default:spoiler.html.twig\" at line 3 at C:\\wamp\\www\\suhSymfony\\app\\cache\\prod\\classes.php:5238)"} []
[2015-03-01 00:38:53] event.DEBUG: Notified event "kernel.request" to listener "Symfony\Component\HttpKernel\EventListener\DebugHandlersListener::configure". [] []
[2015-03-01 00:38:53] event.DEBUG: Notified event "kernel.request" to listener "Symfony\Bundle\FrameworkBundle\EventListener\SessionListener::onKernelRequest". [] []
[2015-03-01 00:38:53] event.DEBUG: Notified event "kernel.request" to listener "Symfony\Component\HttpKernel\EventListener\FragmentListener::onKernelRequest". [] []
[2015-03-01 00:38:53] event.DEBUG: Notified event "kernel.request" to listener "Symfony\Component\HttpKernel\EventListener\RouterListener::onKernelRequest". [] []
[2015-03-01 00:38:53] event.DEBUG: Notified event "kernel.request" to listener "Symfony\Component\HttpKernel\EventListener\LocaleListener::onKernelRequest". [] []
[2015-03-01 00:38:53] event.DEBUG: Notified event "kernel.request" to listener "Symfony\Component\HttpKernel\EventListener\TranslatorListener::onKernelRequest". [] []
[2015-03-01 00:38:53] event.DEBUG: Notified event "kernel.request" to listener "Symfony\Component\Security\Http\Firewall::onKernelRequest". [] []
[2015-03-01 00:38:53] event.DEBUG: Notified event "kernel.controller" to listener "Sensio\Bundle\FrameworkExtraBundle\EventListener\ControllerListener::onKernelController". [] []
[2015-03-01 00:38:53] event.DEBUG: Notified event "kernel.controller" to listener "Sensio\Bundle\FrameworkExtraBundle\EventListener\ParamConverterListener::onKernelController". [] []
[2015-03-01 00:38:53] event.DEBUG: Notified event "kernel.controller" to listener "Sensio\Bundle\FrameworkExtraBundle\EventListener\HttpCacheListener::onKernelController". [] []
[2015-03-01 00:38:53] event.DEBUG: Notified event "kernel.controller" to listener "Sensio\Bundle\FrameworkExtraBundle\EventListener\SecurityListener::onKernelController". [] []
[2015-03-01 00:38:53] event.DEBUG: Notified event "kernel.controller" to listener "Sensio\Bundle\FrameworkExtraBundle\EventListener\TemplateListener::onKernelController". [] []
[2015-03-01 00:38:53] event.DEBUG: Notified event "kernel.response" to listener "Symfony\Component\Security\Http\Firewall\ContextListener::onKernelResponse". [] []
[2015-03-01 00:38:53] event.DEBUG: Notified event "kernel.response" to listener "Symfony\Component\HttpKernel\EventListener\ResponseListener::onKernelResponse". [] []
[2015-03-01 00:38:53] event.DEBUG: Notified event "kernel.response" to listener "Symfony\Component\Security\Http\RememberMe\ResponseListener::onKernelResponse". [] []
[2015-03-01 00:38:53] event.DEBUG: Notified event "kernel.response" to listener "Sensio\Bundle\FrameworkExtraBundle\EventListener\HttpCacheListener::onKernelResponse". [] []
[2015-03-01 00:38:53] event.DEBUG: Notified event "kernel.response" to listener "Symfony\Component\HttpKernel\EventListener\SaveSessionListener::onKernelResponse". [] []
[2015-03-01 00:38:53] event.DEBUG: Notified event "kernel.response" to listener "Symfony\Component\HttpKernel\EventListener\StreamedResponseListener::onKernelResponse". [] []
[2015-03-01 00:38:53] event.DEBUG: Notified event "kernel.finish_request" to listener "Symfony\Component\HttpKernel\EventListener\LocaleListener::onKernelFinishRequest". [] []
[2015-03-01 00:38:53] event.DEBUG: Notified event "kernel.finish_request" to listener "Symfony\Component\HttpKernel\EventListener\TranslatorListener::onKernelFinishRequest". [] []
[2015-03-01 00:38:53] event.DEBUG: Notified event "kernel.finish_request" to listener "Symfony\Component\HttpKernel\EventListener\RouterListener::onKernelFinishRequest". [] []
[2015-03-01 00:38:53] event.DEBUG: Notified event "kernel.finish_request" to listener "Symfony\Component\Security\Http\Firewall::onKernelFinishRequest". [] []
[2015-03-01 00:38:53] event.DEBUG: Notified event "kernel.exception" to listener "Symfony\Component\Security\Http\Firewall\ExceptionListener::onKernelException". [] []
[2015-03-01 00:38:53] event.DEBUG: Notified event "kernel.exception" to listener "Symfony\Component\HttpKernel\EventListener\ExceptionListener::onKernelException". [] []
[2015-03-01 00:38:53] event.DEBUG: Listener "Symfony\Component\HttpKernel\EventListener\ExceptionListener::onKernelException" stopped propagation of the event "kernel.exception". [] []
[2015-03-01 00:38:53] security.DEBUG: Write SecurityContext in the session [] []
[2015-03-01 00:38:53] event.DEBUG: Notified event "kernel.response" to listener "Symfony\Component\Security\Http\Firewall\ContextListener::onKernelResponse". [] []
[2015-03-01 00:38:53] event.DEBUG: Notified event "kernel.response" to listener "Symfony\Component\HttpKernel\EventListener\ResponseListener::onKernelResponse". [] []
[2015-03-01 00:38:53] event.DEBUG: Notified event "kernel.response" to listener "Symfony\Component\Security\Http\RememberMe\ResponseListener::onKernelResponse". [] []
[2015-03-01 00:38:53] event.DEBUG: Notified event "kernel.response" to listener "Sensio\Bundle\FrameworkExtraBundle\EventListener\HttpCacheListener::onKernelResponse". [] []
[2015-03-01 00:38:53] event.DEBUG: Notified event "kernel.response" to listener "Symfony\Component\HttpKernel\EventListener\SaveSessionListener::onKernelResponse". [] []
[2015-03-01 00:38:53] event.DEBUG: Notified event "kernel.response" to listener "Symfony\Component\HttpKernel\EventListener\StreamedResponseListener::onKernelResponse". [] []
[2015-03-01 00:38:53] event.DEBUG: Notified event "kernel.finish_request" to listener "Symfony\Component\HttpKernel\EventListener\LocaleListener::onKernelFinishRequest". [] []
[2015-03-01 00:38:53] event.DEBUG: Notified event "kernel.finish_request" to listener "Symfony\Component\HttpKernel\EventListener\TranslatorListener::onKernelFinishRequest". [] []
[2015-03-01 00:38:53] event.DEBUG: Notified event "kernel.finish_request" to listener "Symfony\Component\HttpKernel\EventListener\RouterListener::onKernelFinishRequest". [] []
[2015-03-01 00:38:53] event.DEBUG: Notified event "kernel.finish_request" to listener "Symfony\Component\Security\Http\Firewall::onKernelFinishRequest". [] []
[2015-03-01 00:38:53] event.DEBUG: Notified event "kernel.terminate" to listener "Symfony\Bundle\SwiftmailerBundle\EventListener\EmailSenderListener::onTerminate". [] []
[2015-03-01 00:39:07] request.INFO: Matched route "suh_get_etudiant" (parameters: "_controller": "SUH\GestionBundle\Controller\AffichageController::AfficherAccueilEtudiantAction", "id": "102", "_route": "suh_get_etudiant") [] []
[2015-03-01 00:39:07] security.DEBUG: Read SecurityContext from the session [] []
[2015-03-01 00:39:07] security.DEBUG: Reloading user from user provider. [] []
[2015-03-01 00:39:07] security.DEBUG: Username "admin" was reloaded from user provider. [] []
[2015-03-01 00:39:07] event.DEBUG: Notified event "kernel.request" to listener "Symfony\Component\HttpKernel\EventListener\DebugHandlersListener::configure". [] []
[2015-03-01 00:39:07] event.DEBUG: Notified event "kernel.request" to listener "Symfony\Bundle\FrameworkBundle\EventListener\SessionListener::onKernelRequest". [] []
[2015-03-01 00:39:07] event.DEBUG: Notified event "kernel.request" to listener "Symfony\Component\HttpKernel\EventListener\FragmentListener::onKernelRequest". [] []
[2015-03-01 00:39:07] event.DEBUG: Notified event "kernel.request" to listener "Symfony\Component\HttpKernel\EventListener\RouterListener::onKernelRequest". [] []
[2015-03-01 00:39:07] event.DEBUG: Notified event "kernel.request" to listener "Symfony\Component\HttpKernel\EventListener\LocaleListener::onKernelRequest". [] []
[2015-03-01 00:39:07] event.DEBUG: Notified event "kernel.request" to listener "Symfony\Component\HttpKernel\EventListener\TranslatorListener::onKernelRequest". [] []
[2015-03-01 00:39:07] event.DEBUG: Notified event "kernel.request" to listener "Symfony\Component\Security\Http\Firewall::onKernelRequest". [] []
[2015-03-01 00:39:07] event.DEBUG: Notified event "kernel.controller" to listener "Sensio\Bundle\FrameworkExtraBundle\EventListener\ControllerListener::onKernelController". [] []
[2015-03-01 00:39:07] event.DEBUG: Notified event "kernel.controller" to listener "Sensio\Bundle\FrameworkExtraBundle\EventListener\ParamConverterListener::onKernelController". [] []
[2015-03-01 00:39:07] event.DEBUG: Notified event "kernel.controller" to listener "Sensio\Bundle\FrameworkExtraBundle\EventListener\HttpCacheListener::onKernelController". [] []
[2015-03-01 00:39:07] event.DEBUG: Notified event "kernel.controller" to listener "Sensio\Bundle\FrameworkExtraBundle\EventListener\SecurityListener::onKernelController". [] []
[2015-03-01 00:39:07] event.DEBUG: Notified event "kernel.controller" to listener "Sensio\Bundle\FrameworkExtraBundle\EventListener\TemplateListener::onKernelController". [] []
[2015-03-01 00:39:07] doctrine.DEBUG: SELECT e0_.id AS id0, e0_.qhandi AS qhandi1, e0_.rqth AS rqth2, e0_.notificationSavs AS notificationSavs3, e0_.amenagementEtude AS amenagementEtude4, e0_.tauxInvalidite AS tauxInvalidite5, e0_.suivi AS suivi6, e0_.dateMaj AS dateMaj7, e0_.descriptifComplementaire AS descriptifComplementaire8, e1_.id AS id9, e1_.nomEtudiant AS nomEtudiant10, e1_.prenomEtudiant AS prenomEtudiant11, e1_.dateNaissance AS dateNaissance12, e1_.mail AS mail13, e1_.adresseEtudiante AS adresseEtudiante14, e1_.adresseFamiliale AS adresseFamiliale15, e1_.telephone AS telephone16, e2_.annee AS annee17, f3_.id AS id18, f3_.diplome AS diplome19, f3_.composante AS composante20, f3_.filiere AS filiere21, f3_.cycle AS cycle22, f3_.etablissement AS etablissement23, m4_.id AS id24, m4_.reconnaissanceMdph AS reconnaissanceMdph25, m4_.departementMdph AS departementMdph26, h5_.id AS id27, h5_.nomHandicap AS nomHandicap28, d6_.dateDebut AS dateDebut29, d6_.dateFin AS dateFin30, a7_.id AS id31, a7_.amenagementExamens AS amenagementExamens32, a7_.tempsMajore AS tempsMajore33, a7_.autresMesures AS autresMesures34, a7_.delocalisationExamen AS delocalisationExamen35, a7_.dateValidite AS dateValidite36, a7_.dureeAvisMedical AS dureeAvisMedical37, e0_.id AS id38, e0_.mdph_id AS mdph_id39, e1_.etudiantSpecialise_id AS etudiantSpecialise_id40, e2_.etudiant_id AS etudiant_id41, e2_.formation_id AS formation_id42, d6_.etudiantHandicape_id AS etudiantHandicape_id43, d6_.aideExamen_id AS aideExamen_id44 FROM EtudiantHandicape e0_ INNER JOIN Etudiant e1_ ON e0_.id = e1_.id INNER JOIN EtudiantFormation e2_ ON e1_.id = e2_.etudiant_id INNER JOIN Formation f3_ ON e2_.formation_id = f3_.id INNER JOIN Mdph m4_ ON e0_.mdph_id = m4_.id INNER JOIN etudianthandicape_handicap e8_ ON e0_.id = e8_.etudianthandicape_id INNER JOIN Handicap h5_ ON h5_.id = e8_.handicap_id INNER JOIN DatesAideExamen d6_ ON e0_.id = d6_.etudiantHandicape_id INNER JOIN AideExamen a7_ ON d6_.aideExamen_id = a7_.id WHERE e0_.id = ? ["102"] []
[2015-03-01 00:39:08] request.CRITICAL: Uncaught PHP Exception Twig_Error_Runtime: "Method "nomEtudiant" for object "SUH\GestionBundle\Entity\EtudiantHandicape" does not exist in "SUHGestionBundle:Default:spoiler.html.twig" at line 3" at C:\wamp\www\suhSymfony\app\cache\prod\classes.php line 5238 {"exception":"[object] (Twig_Error_Runtime(code: 0): Method \"nomEtudiant\" for object \"SUH\\GestionBundle\\Entity\\EtudiantHandicape\" does not exist in \"SUHGestionBundle:Default:spoiler.html.twig\" at line 3 at C:\\wamp\\www\\suhSymfony\\app\\cache\\prod\\classes.php:5238)"} []
[2015-03-01 00:39:08] event.DEBUG: Notified event "kernel.request" to listener "Symfony\Component\HttpKernel\EventListener\DebugHandlersListener::configure". [] []
[2015-03-01 00:39:08] event.DEBUG: Notified event "kernel.request" to listener "Symfony\Bundle\FrameworkBundle\EventListener\SessionListener::onKernelRequest". [] []
[2015-03-01 00:39:08] event.DEBUG: Notified event "kernel.request" to listener "Symfony\Component\HttpKernel\EventListener\FragmentListener::onKernelRequest". [] []
[2015-03-01 00:39:08] event.DEBUG: Notified event "kernel.request" to listener "Symfony\Component\HttpKernel\EventListener\RouterListener::onKernelRequest". [] []
[2015-03-01 00:39:08] event.DEBUG: Notified event "kernel.request" to listener "Symfony\Component\HttpKernel\EventListener\LocaleListener::onKernelRequest". [] []
[2015-03-01 00:39:08] event.DEBUG: Notified event "kernel.request" to listener "Symfony\Component\HttpKernel\EventListener\TranslatorListener::onKernelRequest". [] []
[2015-03-01 00:39:08] event.DEBUG: Notified event "kernel.request" to listener "Symfony\Component\Security\Http\Firewall::onKernelRequest". [] []
[2015-03-01 00:39:08] event.DEBUG: Notified event "kernel.controller" to listener "Sensio\Bundle\FrameworkExtraBundle\EventListener\ControllerListener::onKernelController". [] []
[2015-03-01 00:39:08] event.DEBUG: Notified event "kernel.controller" to listener "Sensio\Bundle\FrameworkExtraBundle\EventListener\ParamConverterListener::onKernelController". [] []
[2015-03-01 00:39:08] event.DEBUG: Notified event "kernel.controller" to listener "Sensio\Bundle\FrameworkExtraBundle\EventListener\HttpCacheListener::onKernelController". [] []
[2015-03-01 00:39:08] event.DEBUG: Notified event "kernel.controller" to listener "Sensio\Bundle\FrameworkExtraBundle\EventListener\SecurityListener::onKernelController". [] []
[2015-03-01 00:39:08] event.DEBUG: Notified event "kernel.controller" to listener "Sensio\Bundle\FrameworkExtraBundle\EventListener\TemplateListener::onKernelController". [] []
[2015-03-01 00:39:08] event.DEBUG: Notified event "kernel.response" to listener "Symfony\Component\Security\Http\Firewall\ContextListener::onKernelResponse". [] []
[2015-03-01 00:39:08] event.DEBUG: Notified event "kernel.response" to listener "Symfony\Component\HttpKernel\EventListener\ResponseListener::onKernelResponse". [] []
[2015-03-01 00:39:08] event.DEBUG: Notified event "kernel.response" to listener "Symfony\Component\Security\Http\RememberMe\ResponseListener::onKernelResponse". [] []
[2015-03-01 00:39:08] event.DEBUG: Notified event "kernel.response" to listener "Sensio\Bundle\FrameworkExtraBundle\EventListener\HttpCacheListener::onKernelResponse". [] []
[2015-03-01 00:39:08] event.DEBUG: Notified event "kernel.response" to listener "Symfony\Component\HttpKernel\EventListener\SaveSessionListener::onKernelResponse". [] []
[2015-03-01 00:39:08] event.DEBUG: Notified event "kernel.response" to listener "Symfony\Component\HttpKernel\EventListener\StreamedResponseListener::onKernelResponse". [] []
[2015-03-01 00:39:08] event.DEBUG: Notified event "kernel.finish_request" to listener "Symfony\Component\HttpKernel\EventListener\LocaleListener::onKernelFinishRequest". [] []
[2015-03-01 00:39:08] event.DEBUG: Notified event "kernel.finish_request" to listener "Symfony\Component\HttpKernel\EventListener\TranslatorListener::onKernelFinishRequest". [] []
[2015-03-01 00:39:08] event.DEBUG: Notified event "kernel.finish_request" to listener "Symfony\Component\HttpKernel\EventListener\RouterListener::onKernelFinishRequest". [] []
[2015-03-01 00:39:08] event.DEBUG: Notified event "kernel.finish_request" to listener "Symfony\Component\Security\Http\Firewall::onKernelFinishRequest". [] []
[2015-03-01 00:39:08] event.DEBUG: Notified event "kernel.exception" to listener "Symfony\Component\Security\Http\Firewall\ExceptionListener::onKernelException". [] []
[2015-03-01 00:39:08] event.DEBUG: Notified event "kernel.exception" to listener "Symfony\Component\HttpKernel\EventListener\ExceptionListener::onKernelException". [] []
[2015-03-01 00:39:08] event.DEBUG: Listener "Symfony\Component\HttpKernel\EventListener\ExceptionListener::onKernelException" stopped propagation of the event "kernel.exception". [] []
[2015-03-01 00:39:08] security.DEBUG: Write SecurityContext in the session [] []
[2015-03-01 00:39:08] event.DEBUG: Notified event "kernel.response" to listener "Symfony\Component\Security\Http\Firewall\ContextListener::onKernelResponse". [] []
[2015-03-01 00:39:08] event.DEBUG: Notified event "kernel.response" to listener "Symfony\Component\HttpKernel\EventListener\ResponseListener::onKernelResponse". [] []
[2015-03-01 00:39:08] event.DEBUG: Notified event "kernel.response" to listener "Symfony\Component\Security\Http\RememberMe\ResponseListener::onKernelResponse". [] []
[2015-03-01 00:39:08] event.DEBUG: Notified event "kernel.response" to listener "Sensio\Bundle\FrameworkExtraBundle\EventListener\HttpCacheListener::onKernelResponse". [] []
[2015-03-01 00:39:08] event.DEBUG: Notified event "kernel.response" to listener "Symfony\Component\HttpKernel\EventListener\SaveSessionListener::onKernelResponse". [] []
[2015-03-01 00:39:08] event.DEBUG: Notified event "kernel.response" to listener "Symfony\Component\HttpKernel\EventListener\StreamedResponseListener::onKernelResponse". [] []
[2015-03-01 00:39:08] event.DEBUG: Notified event "kernel.finish_request" to listener "Symfony\Component\HttpKernel\EventListener\LocaleListener::onKernelFinishRequest". [] []
[2015-03-01 00:39:08] event.DEBUG: Notified event "kernel.finish_request" to listener "Symfony\Component\HttpKernel\EventListener\TranslatorListener::onKernelFinishRequest". [] []
[2015-03-01 00:39:08] event.DEBUG: Notified event "kernel.finish_request" to listener "Symfony\Component\HttpKernel\EventListener\RouterListener::onKernelFinishRequest". [] []
[2015-03-01 00:39:08] event.DEBUG: Notified event "kernel.finish_request" to listener "Symfony\Component\Security\Http\Firewall::onKernelFinishRequest". [] []
[2015-03-01 00:39:08] event.DEBUG: Notified event "kernel.terminate" to listener "Symfony\Bundle\SwiftmailerBundle\EventListener\EmailSenderListener::onTerminate". [] []
